<html>
<head>
<title>TestNG:  Default test</title>
<link href="../testng.css" rel="stylesheet" type="text/css" />
<link href="../my-testng.css" rel="stylesheet" type="text/css" />

<style type="text/css">
.log { display: none;} 
.stack-trace { display: none;} 
</style>
<script type="text/javascript">
<!--
function flip(e) {
  current = e.style.display;
  if (current == 'block') {
    e.style.display = 'none';
    return 0;
  }
  else {
    e.style.display = 'block';
    return 1;
  }
}

function toggleBox(szDivId, elem, msg1, msg2)
{
  var res = -1;  if (document.getElementById) {
    res = flip(document.getElementById(szDivId));
  }
  else if (document.all) {
    // this is the way old msie versions work
    res = flip(document.all[szDivId]);
  }
  if(elem) {
    if(res == 0) elem.innerHTML = msg1; else elem.innerHTML = msg2;
  }

}

function toggleAllBoxes() {
  if (document.getElementsByTagName) {
    d = document.getElementsByTagName('div');
    for (i = 0; i < d.length; i++) {
      if (d[i].className == 'log') {
        flip(d[i]);
      }
    }
  }
}

// -->
</script>

</head>
<body>
<h2 align='center'>Default test</h2><table border='1' align="center">
<tr>
<td>Tests passed/Failed/Skipped:</td><td>3/4/0</td>
</tr><tr>
<td>Started on:</td><td>Thu Apr 11 19:13:33 IST 2024</td>
</tr>
<tr><td>Total time:</td><td>104 seconds (104741 ms)</td>
</tr><tr>
<td>Included groups:</td><td></td>
</tr><tr>
<td>Excluded groups:</td><td></td>
</tr>
</table><p/>
<small><i>(Hover the method name to see the test class name)</i></small><p/>
<table width='100%' border='1' class='invocation-failed'>
<tr><td colspan='4' align='center'><b>FAILED TESTS</b></td></tr>
<tr><td><b>Test method</b></td>
<td><b>Attribute(s)</b></td>
<td width="30%"><b>Exception</b></td>
<td width="10%"><b>Time (seconds)</b></td>
<td><b>Instance</b></td>
</tr>
<tr>
<td title='runner.TestRunner.runScenario()'><b>runScenario</b><br>Test class: runner.TestRunner<br>Test method: Runs Cucumber Scenarios<br>Parameters: "Verify with wrong username/password", "to verify login Functionality"</td>
<td><div><pre>java.lang.AssertionError: expected [The account sign-in was incorrect or your account is disabled temporarily. Please wait and try again later.] but found [Please enter a valid email address (Ex: johndoe@domain.com).]
	at org.testng.Assert.fail(Assert.java:110)
	at org.testng.Assert.failNotEquals(Assert.java:1577)
	at org.testng.Assert.assertEqualsImpl(Assert.java:149)
	at org.testng.Assert.assertEquals(Assert.java:131)
	at org.testng.Assert.assertEquals(Assert.java:655)
	at org.testng.Assert.assertEquals(Assert.java:665)
	at stepdefinitions.LoginStep.an_error_message_is_displayed(LoginStep.java:79)
	at ✽.error message is displayed &quot;The account sign-in was incorrect or your account is disabled temporarily. Please wait and try again later.&quot;(file:///C:/Users/Admin/Desktop/MyEclipseWorkspace/ExcelrProject/src/test/resources/features/Login.feature:37)
</pre></div><a href='#' onClick='toggleBox("stack-trace1418576264", this, "Click to show all stack frames", "Click to hide stack frames")'>Click to show all stack frames</a>
<div class='stack-trace' id='stack-trace1418576264'><pre>java.lang.AssertionError: expected [The account sign-in was incorrect or your account is disabled temporarily. Please wait and try again later.] but found [Please enter a valid email address (Ex: johndoe@domain.com).]
	at org.testng.Assert.fail(Assert.java:110)
	at org.testng.Assert.failNotEquals(Assert.java:1577)
	at org.testng.Assert.assertEqualsImpl(Assert.java:149)
	at org.testng.Assert.assertEquals(Assert.java:131)
	at org.testng.Assert.assertEquals(Assert.java:655)
	at org.testng.Assert.assertEquals(Assert.java:665)
	at stepdefinitions.LoginStep.an_error_message_is_displayed(LoginStep.java:79)
	at ✽.error message is displayed &quot;The account sign-in was incorrect or your account is disabled temporarily. Please wait and try again later.&quot;(file:///C:/Users/Admin/Desktop/MyEclipseWorkspace/ExcelrProject/src/test/resources/features/Login.feature:37)
</pre></div></td>
<td>101</td>
<td>runner.TestRunner@3b0fe47a</td></tr>
<tr>
<td title='runner.TestRunner.runScenario()'><b>runScenario</b><br>Test class: runner.TestRunner<br>Test method: Runs Cucumber Scenarios<br>Parameters: "Verify with invalid credentials", "to verify login Functionality"</td>
<td><div><pre>java.lang.AssertionError: expected [This is a required field.] but found [Please enter a valid email address (Ex: johndoe@domain.com).]
	at org.testng.Assert.fail(Assert.java:110)
	at org.testng.Assert.failNotEquals(Assert.java:1577)
	at org.testng.Assert.assertEqualsImpl(Assert.java:149)
	at org.testng.Assert.assertEquals(Assert.java:131)
	at org.testng.Assert.assertEquals(Assert.java:655)
	at org.testng.Assert.assertEquals(Assert.java:665)
	at stepdefinitions.LoginStep.an_error_message_is_displayed(LoginStep.java:79)
	at ✽.error message is displayed &quot;This is a required field.&quot;(file:///C:/Users/Admin/Desktop/MyEclipseWorkspace/ExcelrProject/src/test/resources/features/Login.feature:20)
</pre></div><a href='#' onClick='toggleBox("stack-trace1778458118", this, "Click to show all stack frames", "Click to hide stack frames")'>Click to show all stack frames</a>
<div class='stack-trace' id='stack-trace1778458118'><pre>java.lang.AssertionError: expected [This is a required field.] but found [Please enter a valid email address (Ex: johndoe@domain.com).]
	at org.testng.Assert.fail(Assert.java:110)
	at org.testng.Assert.failNotEquals(Assert.java:1577)
	at org.testng.Assert.assertEqualsImpl(Assert.java:149)
	at org.testng.Assert.assertEquals(Assert.java:131)
	at org.testng.Assert.assertEquals(Assert.java:655)
	at org.testng.Assert.assertEquals(Assert.java:665)
	at stepdefinitions.LoginStep.an_error_message_is_displayed(LoginStep.java:79)
	at ✽.error message is displayed &quot;This is a required field.&quot;(file:///C:/Users/Admin/Desktop/MyEclipseWorkspace/ExcelrProject/src/test/resources/features/Login.feature:20)
</pre></div></td>
<td>98</td>
<td>runner.TestRunner@3b0fe47a</td></tr>
<tr>
<td title='runner.TestRunner.runScenario()'><b>runScenario</b><br>Test class: runner.TestRunner<br>Test method: Runs Cucumber Scenarios<br>Parameters: "Verify with wrong username/password", "to verify login Functionality"</td>
<td><div><pre>java.lang.AssertionError: expected [The account sign-in was incorrect or your account is disabled temporarily. Please wait and try again later.] but found [Please enter a valid email address (Ex: johndoe@domain.com).]
	at org.testng.Assert.fail(Assert.java:110)
	at org.testng.Assert.failNotEquals(Assert.java:1577)
	at org.testng.Assert.assertEqualsImpl(Assert.java:149)
	at org.testng.Assert.assertEquals(Assert.java:131)
	at org.testng.Assert.assertEquals(Assert.java:655)
	at org.testng.Assert.assertEquals(Assert.java:665)
	at stepdefinitions.LoginStep.an_error_message_is_displayed(LoginStep.java:79)
	at ✽.error message is displayed &quot;The account sign-in was incorrect or your account is disabled temporarily. Please wait and try again later.&quot;(file:///C:/Users/Admin/Desktop/MyEclipseWorkspace/ExcelrProject/src/test/resources/features/Login.feature:37)
</pre></div><a href='#' onClick='toggleBox("stack-trace2080686540", this, "Click to show all stack frames", "Click to hide stack frames")'>Click to show all stack frames</a>
<div class='stack-trace' id='stack-trace2080686540'><pre>java.lang.AssertionError: expected [The account sign-in was incorrect or your account is disabled temporarily. Please wait and try again later.] but found [Please enter a valid email address (Ex: johndoe@domain.com).]
	at org.testng.Assert.fail(Assert.java:110)
	at org.testng.Assert.failNotEquals(Assert.java:1577)
	at org.testng.Assert.assertEqualsImpl(Assert.java:149)
	at org.testng.Assert.assertEquals(Assert.java:131)
	at org.testng.Assert.assertEquals(Assert.java:655)
	at org.testng.Assert.assertEquals(Assert.java:665)
	at stepdefinitions.LoginStep.an_error_message_is_displayed(LoginStep.java:79)
	at ✽.error message is displayed &quot;The account sign-in was incorrect or your account is disabled temporarily. Please wait and try again later.&quot;(file:///C:/Users/Admin/Desktop/MyEclipseWorkspace/ExcelrProject/src/test/resources/features/Login.feature:37)
</pre></div></td>
<td>98</td>
<td>runner.TestRunner@3b0fe47a</td></tr>
<tr>
<td title='runner.TestRunner.runScenario()'><b>runScenario</b><br>Test class: runner.TestRunner<br>Test method: Runs Cucumber Scenarios<br>Parameters: "Verify with wrong username/password", "to verify login Functionality"</td>
<td><div><pre>java.lang.AssertionError: expected [The account sign-in was incorrect or your account is disabled temporarily. Please wait and try again later.] but found [Please enter a valid email address (Ex: johndoe@domain.com).]
	at org.testng.Assert.fail(Assert.java:110)
	at org.testng.Assert.failNotEquals(Assert.java:1577)
	at org.testng.Assert.assertEqualsImpl(Assert.java:149)
	at org.testng.Assert.assertEquals(Assert.java:131)
	at org.testng.Assert.assertEquals(Assert.java:655)
	at org.testng.Assert.assertEquals(Assert.java:665)
	at stepdefinitions.LoginStep.an_error_message_is_displayed(LoginStep.java:79)
	at ✽.error message is displayed &quot;The account sign-in was incorrect or your account is disabled temporarily. Please wait and try again later.&quot;(file:///C:/Users/Admin/Desktop/MyEclipseWorkspace/ExcelrProject/src/test/resources/features/Login.feature:37)
</pre></div><a href='#' onClick='toggleBox("stack-trace166511904", this, "Click to show all stack frames", "Click to hide stack frames")'>Click to show all stack frames</a>
<div class='stack-trace' id='stack-trace166511904'><pre>java.lang.AssertionError: expected [The account sign-in was incorrect or your account is disabled temporarily. Please wait and try again later.] but found [Please enter a valid email address (Ex: johndoe@domain.com).]
	at org.testng.Assert.fail(Assert.java:110)
	at org.testng.Assert.failNotEquals(Assert.java:1577)
	at org.testng.Assert.assertEqualsImpl(Assert.java:149)
	at org.testng.Assert.assertEquals(Assert.java:131)
	at org.testng.Assert.assertEquals(Assert.java:655)
	at org.testng.Assert.assertEquals(Assert.java:665)
	at stepdefinitions.LoginStep.an_error_message_is_displayed(LoginStep.java:79)
	at ✽.error message is displayed &quot;The account sign-in was incorrect or your account is disabled temporarily. Please wait and try again later.&quot;(file:///C:/Users/Admin/Desktop/MyEclipseWorkspace/ExcelrProject/src/test/resources/features/Login.feature:37)
</pre></div></td>
<td>89</td>
<td>runner.TestRunner@3b0fe47a</td></tr>
</table><p>
<table width='100%' border='1' class='invocation-passed'>
<tr><td colspan='4' align='center'><b>PASSED TESTS</b></td></tr>
<tr><td><b>Test method</b></td>
<td><b>Attribute(s)</b></td>
<td width="30%"><b>Exception</b></td>
<td width="10%"><b>Time (seconds)</b></td>
<td><b>Instance</b></td>
</tr>
<tr>
<td title='runner.TestRunner.runScenario()'><b>runScenario</b><br>Test class: runner.TestRunner<br>Test method: Runs Cucumber Scenarios<br>Parameters: "should direct to forgotten password page", "to verify login Functionality"</td>
<td></td>
<td>101</td>
<td>runner.TestRunner@3b0fe47a</td></tr>
<tr>
<td title='runner.TestRunner.runScenario()'><b>runScenario</b><br>Test class: runner.TestRunner<br>Test method: Runs Cucumber Scenarios<br>Parameters: "Verify with invalid credentials", "to verify login Functionality"</td>
<td></td>
<td>98</td>
<td>runner.TestRunner@3b0fe47a</td></tr>
<tr>
<td title='runner.TestRunner.runScenario()'><b>runScenario</b><br>Test class: runner.TestRunner<br>Test method: Runs Cucumber Scenarios<br>Parameters: "Verify with valid Credentials", "to verify login Functionality"</td>
<td></td>
<td>96</td>
<td>runner.TestRunner@3b0fe47a</td></tr>
</table><p>
</body>
</html>