<?xml version="1.0" encoding="UTF-8"?>
<!-- Generated by org.testng.reporters.JUnitXMLReporter -->
<testsuite ignored="0" hostname="Lenovo-PC" failures="4" tests="7" name="Default test" time="104.741" errors="0" timestamp="2024-04-11T19:15:18 IST">
  <testcase classname="io.cucumber.testng.AbstractTestNGCucumberTests" name="runScenario" time="89.632">
    <failure type="java.lang.AssertionError" message="expected [The account sign-in was incorrect or your account is disabled temporarily. Please wait and try again later.] but found [Please enter a valid email address (Ex: johndoe@domain.com).]">
      <![CDATA[java.lang.AssertionError: expected [The account sign-in was incorrect or your account is disabled temporarily. Please wait and try again later.] but found [Please enter a valid email address (Ex: johndoe@domain.com).]
at org.testng.Assert.fail(Assert.java:110)
at org.testng.Assert.failNotEquals(Assert.java:1577)
at org.testng.Assert.assertEqualsImpl(Assert.java:149)
at org.testng.Assert.assertEquals(Assert.java:131)
at org.testng.Assert.assertEquals(Assert.java:655)
at org.testng.Assert.assertEquals(Assert.java:665)
at stepdefinitions.LoginStep.an_error_message_is_displayed(LoginStep.java:79)
at ✽.error message is displayed "The account sign-in was incorrect or your account is disabled temporarily. Please wait and try again later."(file:///C:/Users/Admin/Desktop/MyEclipseWorkspace/ExcelrProject/src/test/resources/features/Login.feature:37)
]]>
    </failure>
  </testcase> <!-- runScenario -->
  <testcase classname="io.cucumber.testng.AbstractTestNGCucumberTests" name="runScenario" time="96.894"/>
  <testcase classname="io.cucumber.testng.AbstractTestNGCucumberTests" name="runScenario" time="98.264">
    <failure type="java.lang.AssertionError" message="expected [The account sign-in was incorrect or your account is disabled temporarily. Please wait and try again later.] but found [Please enter a valid email address (Ex: johndoe@domain.com).]">
      <![CDATA[java.lang.AssertionError: expected [The account sign-in was incorrect or your account is disabled temporarily. Please wait and try again later.] but found [Please enter a valid email address (Ex: johndoe@domain.com).]
at org.testng.Assert.fail(Assert.java:110)
at org.testng.Assert.failNotEquals(Assert.java:1577)
at org.testng.Assert.assertEqualsImpl(Assert.java:149)
at org.testng.Assert.assertEquals(Assert.java:131)
at org.testng.Assert.assertEquals(Assert.java:655)
at org.testng.Assert.assertEquals(Assert.java:665)
at stepdefinitions.LoginStep.an_error_message_is_displayed(LoginStep.java:79)
at ✽.error message is displayed "The account sign-in was incorrect or your account is disabled temporarily. Please wait and try again later."(file:///C:/Users/Admin/Desktop/MyEclipseWorkspace/ExcelrProject/src/test/resources/features/Login.feature:37)
]]>
    </failure>
  </testcase> <!-- runScenario -->
  <testcase classname="io.cucumber.testng.AbstractTestNGCucumberTests" name="runScenario" time="98.592"/>
  <testcase classname="io.cucumber.testng.AbstractTestNGCucumberTests" name="runScenario" time="98.642">
    <failure type="java.lang.AssertionError" message="expected [This is a required field.] but found [Please enter a valid email address (Ex: johndoe@domain.com).]">
      <![CDATA[java.lang.AssertionError: expected [This is a required field.] but found [Please enter a valid email address (Ex: johndoe@domain.com).]
at org.testng.Assert.fail(Assert.java:110)
at org.testng.Assert.failNotEquals(Assert.java:1577)
at org.testng.Assert.assertEqualsImpl(Assert.java:149)
at org.testng.Assert.assertEquals(Assert.java:131)
at org.testng.Assert.assertEquals(Assert.java:655)
at org.testng.Assert.assertEquals(Assert.java:665)
at stepdefinitions.LoginStep.an_error_message_is_displayed(LoginStep.java:79)
at ✽.error message is displayed "This is a required field."(file:///C:/Users/Admin/Desktop/MyEclipseWorkspace/ExcelrProject/src/test/resources/features/Login.feature:20)
]]>
    </failure>
  </testcase> <!-- runScenario -->
  <testcase classname="io.cucumber.testng.AbstractTestNGCucumberTests" name="runScenario" time="101.635">
    <failure type="java.lang.AssertionError" message="expected [The account sign-in was incorrect or your account is disabled temporarily. Please wait and try again later.] but found [Please enter a valid email address (Ex: johndoe@domain.com).]">
      <![CDATA[java.lang.AssertionError: expected [The account sign-in was incorrect or your account is disabled temporarily. Please wait and try again later.] but found [Please enter a valid email address (Ex: johndoe@domain.com).]
at org.testng.Assert.fail(Assert.java:110)
at org.testng.Assert.failNotEquals(Assert.java:1577)
at org.testng.Assert.assertEqualsImpl(Assert.java:149)
at org.testng.Assert.assertEquals(Assert.java:131)
at org.testng.Assert.assertEquals(Assert.java:655)
at org.testng.Assert.assertEquals(Assert.java:665)
at stepdefinitions.LoginStep.an_error_message_is_displayed(LoginStep.java:79)
at ✽.error message is displayed "The account sign-in was incorrect or your account is disabled temporarily. Please wait and try again later."(file:///C:/Users/Admin/Desktop/MyEclipseWorkspace/ExcelrProject/src/test/resources/features/Login.feature:37)
]]>
    </failure>
  </testcase> <!-- runScenario -->
  <testcase classname="io.cucumber.testng.AbstractTestNGCucumberTests" name="runScenario" time="101.717"/>
</testsuite> <!-- Default test -->
